app/build/intermediates/manifest_merge_blame_file/debug/manifest-merger-blame-debug-report.txt
1<?xml version="1.0" encoding="utf-8"?>
2<!--
3  ~ Copyright 2020 The Android Open Source Project
4  ~
5  ~ Licensed under the Apache License, Version 2.0 (the "License");
6  ~ you may not use this file except in compliance with the License.
7  ~ You may obtain a copy of the License at
8  ~
9  ~     https://www.apache.org/licenses/LICENSE-2.0
10  ~
11  ~ Unless required by applicable law or agreed to in writing, software
12  ~ distributed under the License is distributed on an "AS IS" BASIS,
13  ~ WITHOUT WARRANTIES OR CONDITIONS OF ANY KIND, either express or implied.
14  ~ See the License for the specific language governing permissions and
15  ~ limitations under the License.
16-->
17<manifest xmlns:android="http://schemas.android.com/apk/res/android"
18    package="com.android.example.camera2.basic"
19    android:versionCode="1"
20    android:versionName="1.0.0" >
21
22    <uses-sdk
23        android:minSdkVersion="21"
24        android:targetSdkVersion="29" />
25
26    <!-- Permission declarations -->
27    <uses-permission android:name="android.permission.CAMERA" />
27-->src\main\AndroidManifest.xml:21:5-65
27-->src\main\AndroidManifest.xml:21:22-62
28
29    <!-- A camera with (optional) RAW capability is required to use this application -->
30    <uses-feature android:name="android.hardware.camera.any" />
30-->src\main\AndroidManifest.xml:24:5-64
30-->src\main\AndroidManifest.xml:24:19-61
31    <uses-feature
31-->src\main\AndroidManifest.xml:25:5-89
32        android:name="android.hardware.camera.raw"
32-->src\main\AndroidManifest.xml:25:19-61
33        android:required="false" />
33-->src\main\AndroidManifest.xml:25:62-86
34
35    <application
35-->src\main\AndroidManifest.xml:27:5-46:19
36        android:allowBackup="true"
36-->src\main\AndroidManifest.xml:28:9-35
37        android:appComponentFactory="androidx.core.app.CoreComponentFactory"
37-->[androidx.core:core:1.2.0] AndroidManifest.xml:24:18-86
38        android:debuggable="true"
39        android:extractNativeLibs="true"
40        android:fullBackupContent="true"
40-->src\main\AndroidManifest.xml:29:9-41
41        android:icon="@drawable/ic_launcher"
41-->src\main\AndroidManifest.xml:31:9-45
42        android:label="@string/app_name"
42-->src\main\AndroidManifest.xml:30:9-41
43        android:testOnly="true" >
44        <activity
44-->src\main\AndroidManifest.xml:34:9-45:20
45            android:name="com.example.android.camera2.basic.CameraActivity"
45-->src\main\AndroidManifest.xml:35:13-76
46            android:clearTaskOnLaunch="true"
46-->src\main\AndroidManifest.xml:36:13-45
47            android:theme="@style/AppTheme" >
47-->src\main\AndroidManifest.xml:37:13-44
48
49            <!-- Main app intent filter -->
50            <intent-filter>
50-->src\main\AndroidManifest.xml:40:13-43:29
51                <action android:name="android.intent.action.MAIN" />
51-->src\main\AndroidManifest.xml:41:17-69
51-->src\main\AndroidManifest.xml:41:25-66
52
53                <category android:name="android.intent.category.LAUNCHER" />
53-->src\main\AndroidManifest.xml:42:17-77
53-->src\main\AndroidManifest.xml:42:27-74
54            </intent-filter>
55        </activity>
56    </application>
57
58</manifest>